# JRE version: Java(TM) SE Runtime Environment (8.0_191-b12) (build 1.8.0_191-b12)
# Java VM: Java HotSpot(TM) 64-Bit Server VM (25.191-b12 mixed mode windows-amd64 compressed oops)
Heap:
 PSYoungGen      total 215552K, used 63550K [0x00000000d5e00000, 0x00000000e5880000, 0x0000000100000000)
  eden space 201728K, 31% used [0x00000000d5e00000,0x00000000d9c0f960,0x00000000e2300000)
  from space 13824K, 0% used [0x00000000e3400000,0x00000000e3400000,0x00000000e4180000)
  to   space 17408K, 0% used [0x00000000e2300000,0x00000000e2300000,0x00000000e3400000)
 ParOldGen       total 92160K, used 30807K [0x0000000081a00000, 0x0000000087400000, 0x00000000d5e00000)
  object space 92160K, 33% used [0x0000000081a00000,0x0000000083815f78,0x0000000087400000)
 Metaspace       used 36940K, capacity 38082K, committed 38272K, reserved 1083392K
  class space    used 4883K, capacity 5141K, committed 5248K, reserved 1048576K
GC Heap History (10 events):
Event: 2.701 GC heap before
{Heap before GC invocations=6 (full 1):
 PSYoungGen      total 71680K, used 5114K [0x00000000d5e00000, 0x00000000def00000, 0x0000000100000000)
  eden space 66560K, 0% used [0x00000000d5e00000,0x00000000d5e00000,0x00000000d9f00000)
  from space 5120K, 99% used [0x00000000d9f00000,0x00000000da3fe8c8,0x00000000da400000)
  to   space 7680K, 0% used [0x00000000de780000,0x00000000de780000,0x00000000def00000)
 ParOldGen       total 87552K, used 5302K [0x0000000081a00000, 0x0000000086f80000, 0x00000000d5e00000)
  object space 87552K, 6% used [0x0000000081a00000,0x0000000081f2d848,0x0000000086f80000)
 Metaspace       used 20667K, capacity 21198K, committed 21296K, reserved 1067008K
  class space    used 2727K, capacity 2859K, committed 2944K, reserved 1048576K
Event: 2.747 GC heap after
Heap after GC invocations=6 (full 1):
 PSYoungGen      total 71680K, used 0K [0x00000000d5e00000, 0x00000000def00000, 0x0000000100000000)
  eden space 66560K, 0% used [0x00000000d5e00000,0x00000000d5e00000,0x00000000d9f00000)
  from space 5120K, 0% used [0x00000000d9f00000,0x00000000d9f00000,0x00000000da400000)
  to   space 7680K, 0% used [0x00000000de780000,0x00000000de780000,0x00000000def00000)
 ParOldGen       total 48128K, used 5710K [0x0000000081a00000, 0x0000000084900000, 0x00000000d5e00000)
  object space 48128K, 11% used [0x0000000081a00000,0x0000000081f93a60,0x0000000084900000)
 Metaspace       used 20667K, capacity 21198K, committed 21296K, reserved 1067008K
  class space    used 2727K, capacity 2859K, committed 2944K, reserved 1048576K
}
Event: 3.529 GC heap before
{Heap before GC invocations=7 (full 1):
 PSYoungGen      total 71680K, used 66560K [0x00000000d5e00000, 0x00000000def00000, 0x0000000100000000)
  eden space 66560K, 100% used [0x00000000d5e00000,0x00000000d9f00000,0x00000000d9f00000)
  from space 5120K, 0% used [0x00000000d9f00000,0x00000000d9f00000,0x00000000da400000)
  to   space 7680K, 0% used [0x00000000de780000,0x00000000de780000,0x00000000def00000)
 ParOldGen       total 48128K, used 5710K [0x0000000081a00000, 0x0000000084900000, 0x00000000d5e00000)
  object space 48128K, 11% used [0x0000000081a00000,0x0000000081f93a60,0x0000000084900000)
 Metaspace       used 27197K, capacity 28018K, committed 28160K, reserved 1073152K
  class space    used 3592K, capacity 3793K, committed 3840K, reserved 1048576K
Event: 3.541 GC heap after
Heap after GC invocations=7 (full 1):
 PSYoungGen      total 125952K, used 7650K [0x00000000d5e00000, 0x00000000def00000, 0x0000000100000000)
  eden space 118272K, 0% used [0x00000000d5e00000,0x00000000d5e00000,0x00000000dd180000)
  from space 7680K, 99% used [0x00000000de780000,0x00000000deef8a40,0x00000000def00000)
  to   space 8704K, 0% used [0x00000000dde00000,0x00000000dde00000,0x00000000de680000)
 ParOldGen       total 48128K, used 6285K [0x0000000081a00000, 0x0000000084900000, 0x00000000d5e00000)
  object space 48128K, 13% used [0x0000000081a00000,0x00000000820236f0,0x0000000084900000)
 Metaspace       used 27197K, capacity 28018K, committed 28160K, reserved 1073152K
  class space    used 3592K, capacity 3793K, committed 3840K, reserved 1048576K
}
Event: 6.341 GC heap before
{Heap before GC invocations=8 (full 1):
 PSYoungGen      total 125952K, used 125922K [0x00000000d5e00000, 0x00000000def00000, 0x0000000100000000)
  eden space 118272K, 100% used [0x00000000d5e00000,0x00000000dd180000,0x00000000dd180000)
  from space 7680K, 99% used [0x00000000de780000,0x00000000deef8a40,0x00000000def00000)
  to   space 8704K, 0% used [0x00000000dde00000,0x00000000dde00000,0x00000000de680000)
 ParOldGen       total 48128K, used 6285K [0x0000000081a00000, 0x0000000084900000, 0x00000000d5e00000)
  object space 48128K, 13% used [0x0000000081a00000,0x00000000820236f0,0x0000000084900000)
 Metaspace       used 29969K, capacity 30814K, committed 31104K, reserved 1077248K
  class space    used 3929K, capacity 4129K, committed 4224K, reserved 1048576K
Event: 6.367 GC heap after
Heap after GC invocations=8 (full 1):
 PSYoungGen      total 139776K, used 8695K [0x00000000d5e00000, 0x00000000e4180000, 0x0000000100000000)
  eden space 131072K, 0% used [0x00000000d5e00000,0x00000000d5e00000,0x00000000dde00000)
  from space 8704K, 99% used [0x00000000dde00000,0x00000000de67dfe0,0x00000000de680000)
  to   space 13824K, 0% used [0x00000000e3400000,0x00000000e3400000,0x00000000e4180000)
 ParOldGen       total 48128K, used 15165K [0x0000000081a00000, 0x0000000084900000, 0x00000000d5e00000)
  object space 48128K, 31% used [0x0000000081a00000,0x00000000828cf778,0x0000000084900000)
 Metaspace       used 29969K, capacity 30814K, committed 31104K, reserved 1077248K
  class space    used 3929K, capacity 4129K, committed 4224K, reserved 1048576K
}
Event: 8.578 GC heap before
{Heap before GC invocations=9 (full 1):
 PSYoungGen      total 139776K, used 124351K [0x00000000d5e00000, 0x00000000e4180000, 0x0000000100000000)
  eden space 131072K, 88% used [0x00000000d5e00000,0x00000000dcef1ce0,0x00000000dde00000)
  from space 8704K, 99% used [0x00000000dde00000,0x00000000de67dfe0,0x00000000de680000)
  to   space 13824K, 0% used [0x00000000e3400000,0x00000000e3400000,0x00000000e4180000)
 ParOldGen       total 48128K, used 15165K [0x0000000081a00000, 0x0000000084900000, 0x00000000d5e00000)
  object space 48128K, 31% used [0x0000000081a00000,0x00000000828cf778,0x0000000084900000)
 Metaspace       used 34465K, capacity 35446K, committed 35496K, reserved 1079296K
  class space    used 4599K, capacity 4825K, committed 4864K, reserved 1048576K
Event: 8.601 GC heap after
Heap after GC invocations=9 (full 1):
 PSYoungGen      total 215552K, used 13815K [0x00000000d5e00000, 0x00000000e5880000, 0x0000000100000000)
  eden space 201728K, 0% used [0x00000000d5e00000,0x00000000d5e00000,0x00000000e2300000)
  from space 13824K, 99% used [0x00000000e3400000,0x00000000e417dcd8,0x00000000e4180000)
  to   space 17408K, 0% used [0x00000000e2300000,0x00000000e2300000,0x00000000e3400000)
 ParOldGen       total 48128K, used 18946K [0x0000000081a00000, 0x0000000084900000, 0x00000000d5e00000)
  object space 48128K, 39% used [0x0000000081a00000,0x0000000082c80be0,0x0000000084900000)
 Metaspace       used 34465K, capacity 35446K, committed 35496K, reserved 1079296K
  class space    used 4599K, capacity 4825K, committed 4864K, reserved 1048576K
}
Event: 8.601 GC heap before
{Heap before GC invocations=10 (full 2):
 PSYoungGen      total 215552K, used 13815K [0x00000000d5e00000, 0x00000000e5880000, 0x0000000100000000)
  eden space 201728K, 0% used [0x00000000d5e00000,0x00000000d5e00000,0x00000000e2300000)
  from space 13824K, 99% used [0x00000000e3400000,0x00000000e417dcd8,0x00000000e4180000)
  to   space 17408K, 0% used [0x00000000e2300000,0x00000000e2300000,0x00000000e3400000)
 ParOldGen       total 48128K, used 18946K [0x0000000081a00000, 0x0000000084900000, 0x00000000d5e00000)
  object space 48128K, 39% used [0x0000000081a00000,0x0000000082c80be0,0x0000000084900000)
 Metaspace       used 34465K, capacity 35446K, committed 35496K, reserved 1079296K
  class space    used 4599K, capacity 4825K, committed 4864K, reserved 1048576K
Event: 8.752 GC heap after
Heap after GC invocations=10 (full 2):
 PSYoungGen      total 215552K, used 0K [0x00000000d5e00000, 0x00000000e5880000, 0x0000000100000000)
  eden space 201728K, 0% used [0x00000000d5e00000,0x00000000d5e00000,0x00000000e2300000)
  from space 13824K, 0% used [0x00000000e3400000,0x00000000e3400000,0x00000000e4180000)
  to   space 17408K, 0% used [0x00000000e2300000,0x00000000e2300000,0x00000000e3400000)
 ParOldGen       total 92160K, used 30807K [0x0000000081a00000, 0x0000000087400000, 0x00000000d5e00000)
  object space 92160K, 33% used [0x0000000081a00000,0x0000000083815f78,0x0000000087400000)
 Metaspace       used 34465K, capacity 35446K, committed 35496K, reserved 1079296K
  class space    used 4599K, capacity 4825K, committed 4864K, reserved 1048576K
}

