# JRE version: Java(TM) SE Runtime Environment (8.0_191-b12) (build 1.8.0_191-b12)
# Java VM: Java HotSpot(TM) 64-Bit Server VM (25.191-b12 mixed mode windows-amd64 compressed oops)
Heap:
 PSYoungGen      total 372224K, used 323378K [0x00000000d5e00000, 0x00000000efd00000, 0x0000000100000000)
  eden space 356864K, 90% used [0x00000000d5e00000,0x00000000e99cc800,0x00000000eba80000)
  from space 15360K, 0% used [0x00000000eee00000,0x00000000eee00000,0x00000000efd00000)
  to   space 19968K, 0% used [0x00000000ed600000,0x00000000ed600000,0x00000000ee980000)
 ParOldGen       total 92672K, used 45765K [0x0000000081a00000, 0x0000000087480000, 0x00000000d5e00000)
  object space 92672K, 49% used [0x0000000081a00000,0x00000000846b16e8,0x0000000087480000)
 Metaspace       used 61511K, capacity 64128K, committed 64256K, reserved 1105920K
  class space    used 7968K, capacity 8420K, committed 8448K, reserved 1048576K
GC Heap History (10 events):
Event: 6.850 GC heap before
{Heap before GC invocations=9 (full 2):
 PSYoungGen      total 244736K, used 12124K [0x00000000d5e00000, 0x00000000f0100000, 0x0000000100000000)
  eden space 225280K, 0% used [0x00000000d5e00000,0x00000000d5e00000,0x00000000e3a00000)
  from space 19456K, 62% used [0x00000000e3a00000,0x00000000e45d7300,0x00000000e4d00000)
  to   space 19456K, 0% used [0x00000000eee00000,0x00000000eee00000,0x00000000f0100000)
 ParOldGen       total 52224K, used 19065K [0x0000000081a00000, 0x0000000084d00000, 0x00000000d5e00000)
  object space 52224K, 36% used [0x0000000081a00000,0x0000000082c9e518,0x0000000084d00000)
 Metaspace       used 34488K, capacity 35462K, committed 35496K, reserved 1079296K
  class space    used 4613K, capacity 4857K, committed 4864K, reserved 1048576K
Event: 6.956 GC heap after
Heap after GC invocations=9 (full 2):
 PSYoungGen      total 244736K, used 0K [0x00000000d5e00000, 0x00000000f0100000, 0x0000000100000000)
  eden space 225280K, 0% used [0x00000000d5e00000,0x00000000d5e00000,0x00000000e3a00000)
  from space 19456K, 0% used [0x00000000e3a00000,0x00000000e3a00000,0x00000000e4d00000)
  to   space 19456K, 0% used [0x00000000eee00000,0x00000000eee00000,0x00000000f0100000)
 ParOldGen       total 92672K, used 24112K [0x0000000081a00000, 0x0000000087480000, 0x00000000d5e00000)
  object space 92672K, 26% used [0x0000000081a00000,0x000000008318c250,0x0000000087480000)
 Metaspace       used 34488K, capacity 35462K, committed 35496K, reserved 1079296K
  class space    used 4613K, capacity 4857K, committed 4864K, reserved 1048576K
}
Event: 10.570 GC heap before
{Heap before GC invocations=10 (full 2):
 PSYoungGen      total 244736K, used 225280K [0x00000000d5e00000, 0x00000000f0100000, 0x0000000100000000)
  eden space 225280K, 100% used [0x00000000d5e00000,0x00000000e3a00000,0x00000000e3a00000)
  from space 19456K, 0% used [0x00000000e3a00000,0x00000000e3a00000,0x00000000e4d00000)
  to   space 19456K, 0% used [0x00000000eee00000,0x00000000eee00000,0x00000000f0100000)
 ParOldGen       total 92672K, used 24112K [0x0000000081a00000, 0x0000000087480000, 0x00000000d5e00000)
  object space 92672K, 26% used [0x0000000081a00000,0x000000008318c250,0x0000000087480000)
 Metaspace       used 46425K, capacity 47704K, committed 48000K, reserved 1091584K
  class space    used 5958K, capacity 6224K, committed 6272K, reserved 1048576K
Event: 10.593 GC heap after
Heap after GC invocations=10 (full 2):
 PSYoungGen      total 372224K, used 14930K [0x00000000d5e00000, 0x00000000efd00000, 0x0000000100000000)
  eden space 356864K, 0% used [0x00000000d5e00000,0x00000000d5e00000,0x00000000eba80000)
  from space 15360K, 97% used [0x00000000eee00000,0x00000000efc94918,0x00000000efd00000)
  to   space 19968K, 0% used [0x00000000ed600000,0x00000000ed600000,0x00000000ee980000)
 ParOldGen       total 92672K, used 24112K [0x0000000081a00000, 0x0000000087480000, 0x00000000d5e00000)
  object space 92672K, 26% used [0x0000000081a00000,0x000000008318c250,0x0000000087480000)
 Metaspace       used 46425K, capacity 47704K, committed 48000K, reserved 1091584K
  class space    used 5958K, capacity 6224K, committed 6272K, reserved 1048576K
}
Event: 14.917 GC heap before
{Heap before GC invocations=11 (full 2):
 PSYoungGen      total 372224K, used 371794K [0x00000000d5e00000, 0x00000000efd00000, 0x0000000100000000)
  eden space 356864K, 100% used [0x00000000d5e00000,0x00000000eba80000,0x00000000eba80000)
  from space 15360K, 97% used [0x00000000eee00000,0x00000000efc94918,0x00000000efd00000)
  to   space 19968K, 0% used [0x00000000ed600000,0x00000000ed600000,0x00000000ee980000)
 ParOldGen       total 92672K, used 24112K [0x0000000081a00000, 0x0000000087480000, 0x00000000d5e00000)
  object space 92672K, 26% used [0x0000000081a00000,0x000000008318c250,0x0000000087480000)
 Metaspace       used 52957K, capacity 54718K, committed 54912K, reserved 1097728K
  class space    used 6646K, capacity 6991K, committed 7040K, reserved 1048576K
Event: 14.959 GC heap after
Heap after GC invocations=11 (full 2):
 PSYoungGen      total 376832K, used 19960K [0x00000000d5e00000, 0x00000000efd00000, 0x0000000100000000)
  eden space 356864K, 0% used [0x00000000d5e00000,0x00000000d5e00000,0x00000000eba80000)
  from space 19968K, 99% used [0x00000000ed600000,0x00000000ee97e338,0x00000000ee980000)
  to   space 15360K, 0% used [0x00000000eee00000,0x00000000eee00000,0x00000000efd00000)
 ParOldGen       total 92672K, used 27866K [0x0000000081a00000, 0x0000000087480000, 0x00000000d5e00000)
  object space 92672K, 30% used [0x0000000081a00000,0x0000000083536a58,0x0000000087480000)
 Metaspace       used 52957K, capacity 54718K, committed 54912K, reserved 1097728K
  class space    used 6646K, capacity 6991K, committed 7040K, reserved 1048576K
}
Event: 15.987 GC heap before
{Heap before GC invocations=12 (full 2):
 PSYoungGen      total 376832K, used 140304K [0x00000000d5e00000, 0x00000000efd00000, 0x0000000100000000)
  eden space 356864K, 33% used [0x00000000d5e00000,0x00000000dd386060,0x00000000eba80000)
  from space 19968K, 99% used [0x00000000ed600000,0x00000000ee97e338,0x00000000ee980000)
  to   space 15360K, 0% used [0x00000000eee00000,0x00000000eee00000,0x00000000efd00000)
 ParOldGen       total 92672K, used 27866K [0x0000000081a00000, 0x0000000087480000, 0x00000000d5e00000)
  object space 92672K, 30% used [0x0000000081a00000,0x0000000083536a58,0x0000000087480000)
 Metaspace       used 57086K, capacity 59024K, committed 59136K, reserved 1101824K
  class space    used 7233K, capacity 7598K, committed 7680K, reserved 1048576K
Event: 16.019 GC heap after
Heap after GC invocations=12 (full 2):
 PSYoungGen      total 372224K, used 15344K [0x00000000d5e00000, 0x00000000efd00000, 0x0000000100000000)
  eden space 356864K, 0% used [0x00000000d5e00000,0x00000000d5e00000,0x00000000eba80000)
  from space 15360K, 99% used [0x00000000eee00000,0x00000000efcfc188,0x00000000efd00000)
  to   space 19968K, 0% used [0x00000000ed600000,0x00000000ed600000,0x00000000ee980000)
 ParOldGen       total 92672K, used 37701K [0x0000000081a00000, 0x0000000087480000, 0x00000000d5e00000)
  object space 92672K, 40% used [0x0000000081a00000,0x0000000083ed1648,0x0000000087480000)
 Metaspace       used 57086K, capacity 59024K, committed 59136K, reserved 1101824K
  class space    used 7233K, capacity 7598K, committed 7680K, reserved 1048576K
}
Event: 16.019 GC heap before
{Heap before GC invocations=13 (full 3):
 PSYoungGen      total 372224K, used 15344K [0x00000000d5e00000, 0x00000000efd00000, 0x0000000100000000)
  eden space 356864K, 0% used [0x00000000d5e00000,0x00000000d5e00000,0x00000000eba80000)
  from space 15360K, 99% used [0x00000000eee00000,0x00000000efcfc188,0x00000000efd00000)
  to   space 19968K, 0% used [0x00000000ed600000,0x00000000ed600000,0x00000000ee980000)
 ParOldGen       total 92672K, used 37701K [0x0000000081a00000, 0x0000000087480000, 0x00000000d5e00000)
  object space 92672K, 40% used [0x0000000081a00000,0x0000000083ed1648,0x0000000087480000)
 Metaspace       used 57086K, capacity 59024K, committed 59136K, reserved 1101824K
  class space    used 7233K, capacity 7598K, committed 7680K, reserved 1048576K
Event: 16.395 GC heap after
Heap after GC invocations=13 (full 3):
 PSYoungGen      total 372224K, used 0K [0x00000000d5e00000, 0x00000000efd00000, 0x0000000100000000)
  eden space 356864K, 0% used [0x00000000d5e00000,0x00000000d5e00000,0x00000000eba80000)
  from space 15360K, 0% used [0x00000000eee00000,0x00000000eee00000,0x00000000efd00000)
  to   space 19968K, 0% used [0x00000000ed600000,0x00000000ed600000,0x00000000ee980000)
 ParOldGen       total 92672K, used 45765K [0x0000000081a00000, 0x0000000087480000, 0x00000000d5e00000)
  object space 92672K, 49% used [0x0000000081a00000,0x00000000846b16e8,0x0000000087480000)
 Metaspace       used 57086K, capacity 59024K, committed 59136K, reserved 1101824K
  class space    used 7233K, capacity 7598K, committed 7680K, reserved 1048576K
}

